{
  "RSpec": {
    "coverage": {
      "/home/winwu/SOA/leaf-app/require_app.rb": {
        "lines": [
          null,
          null,
          null,
          1,
          5,
          1,
          null,
          1,
          1,
          null,
          null
        ]
      },
      "/home/winwu/SOA/leaf-app/config/environment.rb": {
        "lines": [
          null,
          null,
          1,
          1,
          1,
          1,
          1,
          null,
          1,
          null,
          1,
          1,
          null,
          1,
          null,
          1,
          null,
          null,
          null,
          1,
          1,
          null,
          1,
          null,
          1,
          1,
          0,
          null,
          null,
          null,
          0,
          0,
          null,
          null,
          0,
          0,
          0,
          null,
          null,
          null,
          null
        ]
      }
    },
    "timestamp": 1734262012
  }
}
